time="2025-08-24T13:43:53Z" level=warning msg="/app/docker-compose.yml: the attribute `version` is obsolete, it will be ignored, please remove it to avoid potential confusion"
#1 [internal] load local bake definitions
#1 reading from stdin 441B done
#1 DONE 0.0s

#2 [internal] load build definition from Dockerfile
#2 transferring dockerfile: 1.23kB 0.0s done
#2 DONE 0.0s

#3 [internal] load metadata for docker.io/library/node:20-alpine
#3 DONE 0.9s

#4 [internal] load .dockerignore
#4 transferring context: 539B done
#4 DONE 0.0s

#5 [1/6] FROM docker.io/library/node:20-alpine@sha256:df02558528d3d3d0d621f112e232611aecfee7cbc654f6b375765f72bb262799
#5 resolve docker.io/library/node:20-alpine@sha256:df02558528d3d3d0d621f112e232611aecfee7cbc654f6b375765f72bb262799 0.0s done
#5 sha256:7cdef5a331927fafa250be6166052d8599bf5eb7b014342538c2cc79b70a081f 6.42kB / 6.42kB done
#5 sha256:9824c27679d3b27c5e1cb00a73adb6f4f8d556994111c12db3c5d61a0c843df8 0B / 3.80MB 0.1s
#5 sha256:8c59d92d6fc9f01af4aaa86824be72b74bd4d940c4c46aa95d9710bfa46c975e 0B / 42.99MB 0.1s
#5 sha256:54225bd601967a0aa669ec9be621c24d8eeac874b698d55874018070898685c2 0B / 1.26MB 0.1s
#5 sha256:df02558528d3d3d0d621f112e232611aecfee7cbc654f6b375765f72bb262799 7.67kB / 7.67kB done
#5 sha256:ae6ee91a652d927de01d550c29f863a52f1da390c89df95f3ceba256d1e62604 1.72kB / 1.72kB done
#5 sha256:9824c27679d3b27c5e1cb00a73adb6f4f8d556994111c12db3c5d61a0c843df8 2.67MB / 3.80MB 0.3s
#5 extracting sha256:9824c27679d3b27c5e1cb00a73adb6f4f8d556994111c12db3c5d61a0c843df8
#5 sha256:9824c27679d3b27c5e1cb00a73adb6f4f8d556994111c12db3c5d61a0c843df8 3.80MB / 3.80MB 0.3s done
#5 sha256:8c59d92d6fc9f01af4aaa86824be72b74bd4d940c4c46aa95d9710bfa46c975e 4.89MB / 42.99MB 0.5s
#5 sha256:54225bd601967a0aa669ec9be621c24d8eeac874b698d55874018070898685c2 1.26MB / 1.26MB 0.5s done
#5 sha256:a9e48ad1219d4d11c6456a8db0fd5c11af46242d52edf84e17ab84a7bfd93809 445B / 445B 0.5s
#5 sha256:a9e48ad1219d4d11c6456a8db0fd5c11af46242d52edf84e17ab84a7bfd93809 445B / 445B 0.5s done
#5 sha256:8c59d92d6fc9f01af4aaa86824be72b74bd4d940c4c46aa95d9710bfa46c975e 9.25MB / 42.99MB 0.7s
#5 sha256:8c59d92d6fc9f01af4aaa86824be72b74bd4d940c4c46aa95d9710bfa46c975e 11.53MB / 42.99MB 0.8s
#5 sha256:8c59d92d6fc9f01af4aaa86824be72b74bd4d940c4c46aa95d9710bfa46c975e 13.93MB / 42.99MB 0.9s
#5 sha256:8c59d92d6fc9f01af4aaa86824be72b74bd4d940c4c46aa95d9710bfa46c975e 17.44MB / 42.99MB 1.0s
#5 sha256:8c59d92d6fc9f01af4aaa86824be72b74bd4d940c4c46aa95d9710bfa46c975e 20.97MB / 42.99MB 1.1s
#5 extracting sha256:9824c27679d3b27c5e1cb00a73adb6f4f8d556994111c12db3c5d61a0c843df8 0.8s done
#5 sha256:8c59d92d6fc9f01af4aaa86824be72b74bd4d940c4c46aa95d9710bfa46c975e 28.32MB / 42.99MB 1.3s
#5 sha256:8c59d92d6fc9f01af4aaa86824be72b74bd4d940c4c46aa95d9710bfa46c975e 32.51MB / 42.99MB 1.4s
#5 sha256:8c59d92d6fc9f01af4aaa86824be72b74bd4d940c4c46aa95d9710bfa46c975e 36.93MB / 42.99MB 1.5s
#5 sha256:8c59d92d6fc9f01af4aaa86824be72b74bd4d940c4c46aa95d9710bfa46c975e 41.26MB / 42.99MB 1.6s
#5 sha256:8c59d92d6fc9f01af4aaa86824be72b74bd4d940c4c46aa95d9710bfa46c975e 42.99MB / 42.99MB 1.7s done
#5 extracting sha256:8c59d92d6fc9f01af4aaa86824be72b74bd4d940c4c46aa95d9710bfa46c975e
#5 extracting sha256:8c59d92d6fc9f01af4aaa86824be72b74bd4d940c4c46aa95d9710bfa46c975e 5.1s
#5 extracting sha256:8c59d92d6fc9f01af4aaa86824be72b74bd4d940c4c46aa95d9710bfa46c975e 5.5s done
#5 extracting sha256:54225bd601967a0aa669ec9be621c24d8eeac874b698d55874018070898685c2
#5 ...

#6 [internal] load build context
#6 transferring context: 263.81MB 9.4s
#6 ...

#5 [1/6] FROM docker.io/library/node:20-alpine@sha256:df02558528d3d3d0d621f112e232611aecfee7cbc654f6b375765f72bb262799
#5 extracting sha256:54225bd601967a0aa669ec9be621c24d8eeac874b698d55874018070898685c2 3.1s done
#5 extracting sha256:a9e48ad1219d4d11c6456a8db0fd5c11af46242d52edf84e17ab84a7bfd93809 done
#5 ...

#6 [internal] load build context
#6 transferring context: 320.55MB 11.1s done
#6 DONE 11.1s

#5 [1/6] FROM docker.io/library/node:20-alpine@sha256:df02558528d3d3d0d621f112e232611aecfee7cbc654f6b375765f72bb262799
#5 DONE 13.2s

#7 [2/6] WORKDIR /usr/src/app
#7 DONE 1.9s

#8 [3/6] RUN npm install -g @angular/cli@^20.1.6
#8 21.05
#8 21.05 added 347 packages in 18s
#8 21.05
#8 21.05 66 packages are looking for funding
#8 21.05   run `npm fund` for details
#8 21.05 npm notice
#8 21.05 npm notice New major version of npm available! 10.8.2 -> 11.5.2
#8 21.05 npm notice Changelog: https://github.com/npm/cli/releases/tag/v11.5.2
#8 21.05 npm notice To update run: npm install -g npm@11.5.2
#8 21.05 npm notice
#8 DONE 21.1s

#9 [4/6] COPY package.json package-lock.json ./
#9 DONE 3.8s

#10 [5/6] RUN npm install
#10 13.86 npm warn deprecated rimraf@3.0.2: Rimraf versions prior to v4 are no longer supported
#10 14.52 npm warn deprecated inflight@1.0.6: This module is not supported, and leaks memory. Do not use it. Check out lru-cache if you want a good and tested way to coalesce async requests by a key value, which is much more comprehensive and powerful.
#10 14.56 npm warn deprecated glob@7.2.3: Glob versions prior to v9 are no longer supported
#10 16.59 npm warn deprecated rimraf@2.7.1: Rimraf versions prior to v4 are no longer supported
#10 47.47
#10 47.47 added 695 packages, and audited 696 packages in 41s
#10 47.47
#10 47.47 114 packages are looking for funding
#10 47.47   run `npm fund` for details
#10 47.48
#10 47.48 found 0 vulnerabilities
#10 DONE 47.5s

#11 [6/6] COPY . .
#11 DONE 22.6s

#12 exporting to image
#12 exporting layers
#12 exporting layers 12.4s done
#12 writing image sha256:0999b7d63196edad86ed52d96ac2ef6b36533e934b13198c5210583f258add69 done
#12 naming to docker.io/library/app-app done
#12 DONE 12.4s

#13 resolving provenance for metadata file
#13 DONE 0.0s
 app-app  Built
 Network app_default  Creating
 Network app_default  Created
 Container lamed_angular_app  Creating
 Container lamed_angular_app  Created
 Container lamed_angular_app  Starting
 Container lamed_angular_app  Started
